2018-11-06 15:11:37.1889|INFO|Microsoft.AspNetCore.DataProtection.KeyManagement.XmlKeyManager|User profile is available. Using 'C:\Users\Adam Buglass\AppData\Local\ASP.NET\DataProtection-Keys' as key repository and Windows DPAPI to encrypt keys at rest.
2018-11-06 15:11:37.5726|INFO|Microsoft.EntityFrameworkCore.Infrastructure|Entity Framework Core 2.0.0-rtm-26452 initialized 'LibraryContext' using provider 'Microsoft.EntityFrameworkCore.SqlServer' with options: None
2018-11-06 15:11:37.7056|INFO|Microsoft.EntityFrameworkCore.Database.Command|Executed DbCommand (5ms) [Parameters=[], CommandType='Text', CommandTimeout='30']
SELECT OBJECT_ID(N'__EFMigrationsHistory');
2018-11-06 15:11:37.7056|INFO|Microsoft.EntityFrameworkCore.Database.Command|Executed DbCommand (0ms) [Parameters=[], CommandType='Text', CommandTimeout='30']
SELECT OBJECT_ID(N'__EFMigrationsHistory');
2018-11-06 15:11:37.7153|INFO|Microsoft.EntityFrameworkCore.Database.Command|Executed DbCommand (2ms) [Parameters=[], CommandType='Text', CommandTimeout='30']
SELECT [MigrationId], [ProductVersion]
FROM [__EFMigrationsHistory]
ORDER BY [MigrationId];
2018-11-06 15:11:37.7153|INFO|Microsoft.EntityFrameworkCore.Migrations|No migrations were applied. The database is already up to date.
2018-11-06 15:11:38.0484|INFO|Microsoft.EntityFrameworkCore.Database.Command|Executed DbCommand (3ms) [Parameters=[], CommandType='Text', CommandTimeout='30']
SELECT [a].[Id], [a].[DateOfBirth], [a].[DateOfDeath], [a].[FirstName], [a].[Genre], [a].[LastName]
FROM [Authors] AS [a]
2018-11-06 15:11:38.1473|INFO|Microsoft.EntityFrameworkCore.Database.Command|Executed DbCommand (37ms) [Parameters=[@p0='?', @p1='?', @p2='?', @p3='?', @p4='?', @p5='?', @p6='?', @p7='?'], CommandType='Text', CommandTimeout='30']
SET NOCOUNT ON;
DELETE FROM [Authors]
WHERE [Id] = @p0;
SELECT @@ROWCOUNT;

DELETE FROM [Authors]
WHERE [Id] = @p1;
SELECT @@ROWCOUNT;

DELETE FROM [Authors]
WHERE [Id] = @p2;
SELECT @@ROWCOUNT;

DELETE FROM [Authors]
WHERE [Id] = @p3;
SELECT @@ROWCOUNT;

DELETE FROM [Authors]
WHERE [Id] = @p4;
SELECT @@ROWCOUNT;

DELETE FROM [Authors]
WHERE [Id] = @p5;
SELECT @@ROWCOUNT;

DELETE FROM [Authors]
WHERE [Id] = @p6;
SELECT @@ROWCOUNT;

DELETE FROM [Authors]
WHERE [Id] = @p7;
SELECT @@ROWCOUNT;
2018-11-06 15:11:38.1808|INFO|Microsoft.EntityFrameworkCore.Database.Command|Executed DbCommand (3ms) [Parameters=[@p0='?', @p1='?', @p2='?', @p3='?' (Size = 50), @p4='?' (Size = 50), @p5='?' (Size = 50), @p6='?', @p7='?', @p8='?', @p9='?' (Size = 50), @p10='?' (Size = 50), @p11='?' (Size = 50), @p12='?', @p13='?', @p14='?', @p15='?' (Size = 50), @p16='?' (Size = 50), @p17='?' (Size = 50), @p18='?', @p19='?', @p20='?', @p21='?' (Size = 50), @p22='?' (Size = 50), @p23='?' (Size = 50), @p24='?', @p25='?', @p26='?', @p27='?' (Size = 50), @p28='?' (Size = 50), @p29='?' (Size = 50), @p30='?', @p31='?', @p32='?', @p33='?' (Size = 50), @p34='?' (Size = 50), @p35='?' (Size = 50)], CommandType='Text', CommandTimeout='30']
SET NOCOUNT ON;
INSERT INTO [Authors] ([Id], [DateOfBirth], [DateOfDeath], [FirstName], [Genre], [LastName])
VALUES (@p0, @p1, @p2, @p3, @p4, @p5),
(@p6, @p7, @p8, @p9, @p10, @p11),
(@p12, @p13, @p14, @p15, @p16, @p17),
(@p18, @p19, @p20, @p21, @p22, @p23),
(@p24, @p25, @p26, @p27, @p28, @p29),
(@p30, @p31, @p32, @p33, @p34, @p35);
2018-11-06 15:11:38.1808|INFO|Microsoft.EntityFrameworkCore.Database.Command|Executed DbCommand (4ms) [Parameters=[@p36='?', @p37='?', @p38='?' (Size = 500), @p39='?' (Size = 100), @p40='?', @p41='?', @p42='?' (Size = 500), @p43='?' (Size = 100), @p44='?', @p45='?', @p46='?' (Size = 500), @p47='?' (Size = 100), @p48='?', @p49='?', @p50='?' (Size = 500), @p51='?' (Size = 100), @p52='?', @p53='?', @p54='?' (Size = 500), @p55='?' (Size = 100), @p56='?', @p57='?', @p58='?' (Size = 500), @p59='?' (Size = 100), @p60='?', @p61='?', @p62='?' (Size = 500), @p63='?' (Size = 100), @p64='?', @p65='?', @p66='?' (Size = 500), @p67='?' (Size = 100), @p68='?', @p69='?', @p70='?' (Size = 500), @p71='?' (Size = 100), @p72='?', @p73='?', @p74='?' (Size = 500), @p75='?' (Size = 100), @p76='?', @p77='?', @p78='?' (Size = 500), @p79='?' (Size = 100)], CommandType='Text', CommandTimeout='30']
SET NOCOUNT ON;
INSERT INTO [Books] ([Id], [AuthorId], [Description], [Title])
VALUES (@p36, @p37, @p38, @p39),
(@p40, @p41, @p42, @p43),
(@p44, @p45, @p46, @p47),
(@p48, @p49, @p50, @p51),
(@p52, @p53, @p54, @p55),
(@p56, @p57, @p58, @p59),
(@p60, @p61, @p62, @p63),
(@p64, @p65, @p66, @p67),
(@p68, @p69, @p70, @p71),
(@p72, @p73, @p74, @p75),
(@p76, @p77, @p78, @p79);
2018-11-06 15:11:38.5107|INFO|Microsoft.AspNetCore.Hosting.Internal.WebHost|Request starting HTTP/1.1 GET http://localhost:6058/  
2018-11-06 15:11:38.6139|INFO|Microsoft.AspNetCore.Hosting.Internal.WebHost|Request finished in 106.3189ms 404 
2018-11-06 15:13:14.7749|INFO|Microsoft.AspNetCore.Hosting.Internal.WebHost|Request starting HTTP/1.1 GET http://localhost:6058/api/authors  
2018-11-06 15:13:14.8373|INFO|Microsoft.EntityFrameworkCore.Infrastructure|Entity Framework Core 2.0.0-rtm-26452 initialized 'LibraryContext' using provider 'Microsoft.EntityFrameworkCore.SqlServer' with options: None
2018-11-06 15:13:14.8421|INFO|Microsoft.EntityFrameworkCore.Database.Command|Executed DbCommand (0ms) [Parameters=[], CommandType='Text', CommandTimeout='30']
SELECT OBJECT_ID(N'__EFMigrationsHistory');
2018-11-06 15:13:14.8421|INFO|Microsoft.EntityFrameworkCore.Database.Command|Executed DbCommand (0ms) [Parameters=[], CommandType='Text', CommandTimeout='30']
SELECT OBJECT_ID(N'__EFMigrationsHistory');
2018-11-06 15:13:14.8421|INFO|Microsoft.EntityFrameworkCore.Database.Command|Executed DbCommand (0ms) [Parameters=[], CommandType='Text', CommandTimeout='30']
SELECT [MigrationId], [ProductVersion]
FROM [__EFMigrationsHistory]
ORDER BY [MigrationId];
2018-11-06 15:13:14.8421|INFO|Microsoft.EntityFrameworkCore.Migrations|No migrations were applied. The database is already up to date.
2018-11-06 15:13:14.8830|INFO|Microsoft.AspNetCore.Mvc.Internal.ControllerActionInvoker|Executing action method Library.API.Controllers.AuthorsController.GetAuthors (Library.API) with arguments (Library.API.Helpers.AuthorsResourceParameters, */*) - ModelState is Valid
2018-11-06 15:13:14.9858|INFO|Microsoft.EntityFrameworkCore.Database.Command|Executed DbCommand (0ms) [Parameters=[], CommandType='Text', CommandTimeout='30']
SELECT COUNT(*)
FROM [Authors] AS [a]
2018-11-06 15:13:14.9997|INFO|Microsoft.EntityFrameworkCore.Database.Command|Executed DbCommand (1ms) [Parameters=[@__p_0='?', @__p_1='?'], CommandType='Text', CommandTimeout='30']
SELECT [a].[Id], [a].[DateOfBirth], [a].[DateOfDeath], [a].[FirstName], [a].[Genre], [a].[LastName]
FROM [Authors] AS [a]
ORDER BY [a].[FirstName], [a].[LastName]
OFFSET @__p_0 ROWS FETCH NEXT @__p_1 ROWS ONLY
2018-11-06 15:13:15.0737|INFO|Microsoft.AspNetCore.Mvc.Internal.ObjectResultExecutor|Executing ObjectResult, writing value Microsoft.AspNetCore.Mvc.ControllerContext.
2018-11-06 15:13:15.0987|INFO|Microsoft.AspNetCore.Mvc.Internal.ControllerActionInvoker|Executed action Library.API.Controllers.AuthorsController.GetAuthors (Library.API) in 263.1882ms
2018-11-06 15:13:15.0987|INFO|Microsoft.AspNetCore.Hosting.Internal.WebHost|Request finished in 326.2225ms 200 application/json; charset=utf-8
2018-11-06 15:13:28.7152|INFO|Microsoft.AspNetCore.Hosting.Internal.WebHost|Request starting HTTP/1.1 GET http://localhost:6058/api/authors/76053df4-6687-4353-8937-b45556748abe/books/bc4c35c3-3857-4250-9449-155fcf5109ec  
2018-11-06 15:13:28.7152|INFO|Microsoft.EntityFrameworkCore.Infrastructure|Entity Framework Core 2.0.0-rtm-26452 initialized 'LibraryContext' using provider 'Microsoft.EntityFrameworkCore.SqlServer' with options: None
2018-11-06 15:13:28.7152|INFO|Microsoft.EntityFrameworkCore.Database.Command|Executed DbCommand (1ms) [Parameters=[], CommandType='Text', CommandTimeout='30']
SELECT OBJECT_ID(N'__EFMigrationsHistory');
2018-11-06 15:13:28.7152|INFO|Microsoft.EntityFrameworkCore.Database.Command|Executed DbCommand (0ms) [Parameters=[], CommandType='Text', CommandTimeout='30']
SELECT OBJECT_ID(N'__EFMigrationsHistory');
2018-11-06 15:13:28.7152|INFO|Microsoft.EntityFrameworkCore.Database.Command|Executed DbCommand (0ms) [Parameters=[], CommandType='Text', CommandTimeout='30']
SELECT [MigrationId], [ProductVersion]
FROM [__EFMigrationsHistory]
ORDER BY [MigrationId];
2018-11-06 15:13:28.7152|INFO|Microsoft.EntityFrameworkCore.Migrations|No migrations were applied. The database is already up to date.
2018-11-06 15:13:28.7152|INFO|Microsoft.AspNetCore.Mvc.Internal.ControllerActionInvoker|Executing action method Library.API.Controllers.BooksController.GetBookForAuthor (Library.API) with arguments (76053df4-6687-4353-8937-b45556748abe, bc4c35c3-3857-4250-9449-155fcf5109ec) - ModelState is Valid
2018-11-06 15:13:28.7496|INFO|Microsoft.EntityFrameworkCore.Database.Command|Executed DbCommand (1ms) [Parameters=[@__authorId_0='?'], CommandType='Text', CommandTimeout='30']
SELECT CASE
    WHEN EXISTS (
        SELECT 1
        FROM [Authors] AS [a]
        WHERE [a].[Id] = @__authorId_0)
    THEN CAST(1 AS BIT) ELSE CAST(0 AS BIT)
END
2018-11-06 15:13:28.7649|INFO|Microsoft.EntityFrameworkCore.Database.Command|Executed DbCommand (1ms) [Parameters=[@__authorId_0='?', @__bookId_1='?'], CommandType='Text', CommandTimeout='30']
SELECT TOP(1) [b].[Id], [b].[AuthorId], [b].[Description], [b].[Title]
FROM [Books] AS [b]
WHERE ([b].[AuthorId] = @__authorId_0) AND ([b].[Id] = @__bookId_1)
2018-11-06 15:13:28.7649|INFO|Microsoft.EntityFrameworkCore.Database.Command|Executed DbCommand (0ms) [Parameters=[@__authorId_0='?', @__bookId_1='?'], CommandType='Text', CommandTimeout='30']
SELECT TOP(1) [b].[Id], [b].[AuthorId], [b].[Description], [b].[Title]
FROM [Books] AS [b]
WHERE ([b].[AuthorId] = @__authorId_0) AND ([b].[Id] = @__bookId_1)
2018-11-06 15:13:28.7824|INFO|Microsoft.AspNetCore.Mvc.Internal.ObjectResultExecutor|Executing ObjectResult, writing value Microsoft.AspNetCore.Mvc.ControllerContext.
2018-11-06 15:13:28.7824|INFO|Microsoft.AspNetCore.Mvc.Internal.ControllerActionInvoker|Executed action Library.API.Controllers.BooksController.GetBookForAuthor (Library.API) in 72.2689ms
2018-11-06 15:13:28.7824|INFO|Microsoft.AspNetCore.Hosting.Internal.WebHost|Request finished in 76.7627ms 200 application/json; charset=utf-8
2018-11-06 15:21:06.4090|INFO|Microsoft.AspNetCore.DataProtection.KeyManagement.XmlKeyManager|User profile is available. Using 'C:\Users\Adam Buglass\AppData\Local\ASP.NET\DataProtection-Keys' as key repository and Windows DPAPI to encrypt keys at rest.
2018-11-06 15:21:06.6308|INFO|Microsoft.EntityFrameworkCore.Infrastructure|Entity Framework Core 2.0.0-rtm-26452 initialized 'LibraryContext' using provider 'Microsoft.EntityFrameworkCore.SqlServer' with options: None
2018-11-06 15:21:06.7168|INFO|Microsoft.EntityFrameworkCore.Database.Command|Executed DbCommand (5ms) [Parameters=[], CommandType='Text', CommandTimeout='30']
SELECT OBJECT_ID(N'__EFMigrationsHistory');
2018-11-06 15:21:06.7168|INFO|Microsoft.EntityFrameworkCore.Database.Command|Executed DbCommand (0ms) [Parameters=[], CommandType='Text', CommandTimeout='30']
SELECT OBJECT_ID(N'__EFMigrationsHistory');
2018-11-06 15:21:06.7309|INFO|Microsoft.EntityFrameworkCore.Database.Command|Executed DbCommand (0ms) [Parameters=[], CommandType='Text', CommandTimeout='30']
SELECT [MigrationId], [ProductVersion]
FROM [__EFMigrationsHistory]
ORDER BY [MigrationId];
2018-11-06 15:21:06.7309|INFO|Microsoft.EntityFrameworkCore.Migrations|No migrations were applied. The database is already up to date.
2018-11-06 15:21:07.0387|INFO|Microsoft.EntityFrameworkCore.Database.Command|Executed DbCommand (0ms) [Parameters=[], CommandType='Text', CommandTimeout='30']
SELECT [a].[Id], [a].[DateOfBirth], [a].[DateOfDeath], [a].[FirstName], [a].[Genre], [a].[LastName]
FROM [Authors] AS [a]
2018-11-06 15:21:07.1205|INFO|Microsoft.EntityFrameworkCore.Database.Command|Executed DbCommand (28ms) [Parameters=[@p0='?', @p1='?', @p2='?', @p3='?', @p4='?', @p5='?'], CommandType='Text', CommandTimeout='30']
SET NOCOUNT ON;
DELETE FROM [Authors]
WHERE [Id] = @p0;
SELECT @@ROWCOUNT;

DELETE FROM [Authors]
WHERE [Id] = @p1;
SELECT @@ROWCOUNT;

DELETE FROM [Authors]
WHERE [Id] = @p2;
SELECT @@ROWCOUNT;

DELETE FROM [Authors]
WHERE [Id] = @p3;
SELECT @@ROWCOUNT;

DELETE FROM [Authors]
WHERE [Id] = @p4;
SELECT @@ROWCOUNT;

DELETE FROM [Authors]
WHERE [Id] = @p5;
SELECT @@ROWCOUNT;
2018-11-06 15:21:07.1476|INFO|Microsoft.EntityFrameworkCore.Database.Command|Executed DbCommand (1ms) [Parameters=[@p0='?', @p1='?', @p2='?', @p3='?' (Size = 50), @p4='?' (Size = 50), @p5='?' (Size = 50), @p6='?', @p7='?', @p8='?', @p9='?' (Size = 50), @p10='?' (Size = 50), @p11='?' (Size = 50), @p12='?', @p13='?', @p14='?', @p15='?' (Size = 50), @p16='?' (Size = 50), @p17='?' (Size = 50), @p18='?', @p19='?', @p20='?', @p21='?' (Size = 50), @p22='?' (Size = 50), @p23='?' (Size = 50), @p24='?', @p25='?', @p26='?', @p27='?' (Size = 50), @p28='?' (Size = 50), @p29='?' (Size = 50), @p30='?', @p31='?', @p32='?', @p33='?' (Size = 50), @p34='?' (Size = 50), @p35='?' (Size = 50)], CommandType='Text', CommandTimeout='30']
SET NOCOUNT ON;
INSERT INTO [Authors] ([Id], [DateOfBirth], [DateOfDeath], [FirstName], [Genre], [LastName])
VALUES (@p0, @p1, @p2, @p3, @p4, @p5),
(@p6, @p7, @p8, @p9, @p10, @p11),
(@p12, @p13, @p14, @p15, @p16, @p17),
(@p18, @p19, @p20, @p21, @p22, @p23),
(@p24, @p25, @p26, @p27, @p28, @p29),
(@p30, @p31, @p32, @p33, @p34, @p35);
2018-11-06 15:21:07.1527|INFO|Microsoft.EntityFrameworkCore.Database.Command|Executed DbCommand (0ms) [Parameters=[@p36='?', @p37='?', @p38='?' (Size = 500), @p39='?' (Size = 100), @p40='?', @p41='?', @p42='?' (Size = 500), @p43='?' (Size = 100), @p44='?', @p45='?', @p46='?' (Size = 500), @p47='?' (Size = 100), @p48='?', @p49='?', @p50='?' (Size = 500), @p51='?' (Size = 100), @p52='?', @p53='?', @p54='?' (Size = 500), @p55='?' (Size = 100), @p56='?', @p57='?', @p58='?' (Size = 500), @p59='?' (Size = 100), @p60='?', @p61='?', @p62='?' (Size = 500), @p63='?' (Size = 100), @p64='?', @p65='?', @p66='?' (Size = 500), @p67='?' (Size = 100), @p68='?', @p69='?', @p70='?' (Size = 500), @p71='?' (Size = 100), @p72='?', @p73='?', @p74='?' (Size = 500), @p75='?' (Size = 100), @p76='?', @p77='?', @p78='?' (Size = 500), @p79='?' (Size = 100)], CommandType='Text', CommandTimeout='30']
SET NOCOUNT ON;
INSERT INTO [Books] ([Id], [AuthorId], [Description], [Title])
VALUES (@p36, @p37, @p38, @p39),
(@p40, @p41, @p42, @p43),
(@p44, @p45, @p46, @p47),
(@p48, @p49, @p50, @p51),
(@p52, @p53, @p54, @p55),
(@p56, @p57, @p58, @p59),
(@p60, @p61, @p62, @p63),
(@p64, @p65, @p66, @p67),
(@p68, @p69, @p70, @p71),
(@p72, @p73, @p74, @p75),
(@p76, @p77, @p78, @p79);
2018-11-06 15:21:07.3487|INFO|Microsoft.AspNetCore.Hosting.Internal.WebHost|Request starting HTTP/1.1 POST http://localhost:6058/api/authors application/vnd.marvin.authorwithdateofdeath.full+xml 745
2018-11-06 15:21:07.4465|INFO|Microsoft.EntityFrameworkCore.Infrastructure|Entity Framework Core 2.0.0-rtm-26452 initialized 'LibraryContext' using provider 'Microsoft.EntityFrameworkCore.SqlServer' with options: None
2018-11-06 15:21:07.4514|INFO|Microsoft.EntityFrameworkCore.Database.Command|Executed DbCommand (0ms) [Parameters=[], CommandType='Text', CommandTimeout='30']
SELECT OBJECT_ID(N'__EFMigrationsHistory');
2018-11-06 15:21:07.4514|INFO|Microsoft.EntityFrameworkCore.Database.Command|Executed DbCommand (0ms) [Parameters=[], CommandType='Text', CommandTimeout='30']
SELECT OBJECT_ID(N'__EFMigrationsHistory');
2018-11-06 15:21:07.4514|INFO|Microsoft.EntityFrameworkCore.Database.Command|Executed DbCommand (0ms) [Parameters=[], CommandType='Text', CommandTimeout='30']
SELECT [MigrationId], [ProductVersion]
FROM [__EFMigrationsHistory]
ORDER BY [MigrationId];
2018-11-06 15:21:07.4514|INFO|Microsoft.EntityFrameworkCore.Migrations|No migrations were applied. The database is already up to date.
2018-11-06 15:21:07.5334|INFO|Microsoft.AspNetCore.Mvc.Internal.ControllerActionInvoker|Executing action method Library.API.Controllers.AuthorsController.CreateAuthorWithDateOfDeath (Library.API) with arguments (Library.API.Models.AuthorForCreationWithDateOfDeathDto) - ModelState is Valid
2018-11-06 15:21:07.5531|INFO|Microsoft.EntityFrameworkCore.Database.Command|Executed DbCommand (1ms) [Parameters=[@p0='?', @p1='?', @p2='?', @p3='?' (Size = 50), @p4='?' (Size = 50), @p5='?' (Size = 50)], CommandType='Text', CommandTimeout='30']
SET NOCOUNT ON;
INSERT INTO [Authors] ([Id], [DateOfBirth], [DateOfDeath], [FirstName], [Genre], [LastName])
VALUES (@p0, @p1, @p2, @p3, @p4, @p5);
2018-11-06 15:21:07.5713|INFO|Microsoft.AspNetCore.Mvc.Internal.ObjectResultExecutor|Executing ObjectResult, writing value Microsoft.AspNetCore.Mvc.ControllerContext.
2018-11-06 15:21:07.6230|INFO|Microsoft.AspNetCore.Mvc.Internal.ControllerActionInvoker|Executed action Library.API.Controllers.AuthorsController.CreateAuthorWithDateOfDeath (Library.API) in 176.9736ms
2018-11-06 15:21:07.6230|INFO|Microsoft.AspNetCore.Hosting.Internal.WebHost|Request finished in 284.8132ms 201 application/json; charset=utf-8
